<?xml version="1.0" encoding="UTF-8" ?>
<testsuite failures="0" time="14.565" errors="0" skipped="0" tests="21" name="com.softcrylic.testautomation.AllTests">
  <properties>
[...]
</properties>
  <testcase time="0" classname="com.softcrylic.testautomation.JunitClassTest" name="testMyFirstTest"/>
  <testcase time="0" classname="Given I want to know the weather forecast for coming days   " name="Given I want to know the weather forecast for coming days   "/>
  <testcase time="0" classname="When I search for Stockholm    " name="When I search for Stockholm    "/>
  <testcase time="0" classname="Then I should be able to get a weather forecast for Stockholm     " name="Then I should be able to get a weather forecast for Stockholm     "/>
  <testcase time="2.73" classname="Scenario: Locate Stockholm  " name="Scenario: Locate Stockholm  "/>
  <testcase time="0" classname="Given I want to know the weather forecast for coming days        " name="Given I want to know the weather forecast for coming days        "/>
  <testcase time="0" classname="When I search for New York         " name="When I search for New York         "/>
  <testcase time="0" classname="Then I should be able to get a weather forecast for New York          " name="Then I should be able to get a weather forecast for New York          "/>
  <testcase time="2.982" classname="Scenario: Locate New York       " name="Scenario: Locate New York       "/>
  <testcase time="0" classname="Given I want to know the weather forecast for coming days             " name="Given I want to know the weather forecast for coming days             "/>
  <testcase time="0" classname="When I search for Stockholm              " name="When I search for Stockholm              "/>
  <testcase time="0" classname="Then I should be able to get a weather forecast for Stockholm               " name="Then I should be able to get a weather forecast for Stockholm               "/>
  <testcase time="3.029" classname="Scenario: Locate Stockholm            " name="Scenario: Locate Stockholm            "/>
  <testcase time="0" classname="Given I want to know the weather forecast for coming days                  " name="Given I want to know the weather forecast for coming days                  "/>
  <testcase time="0" classname="When I search for Stockholm                   " name="When I search for Stockholm                   "/>
  <testcase time="0" classname="Then I should be able to get a weather forecast for Stockholm                    " name="Then I should be able to get a weather forecast for Stockholm                    "/>
  <testcase time="2.92" classname="Scenario: Locate Stockholm                 " name="Scenario: Locate Stockholm                 "/>
  <testcase time="0" classname="Given I want to know the weather forecast for coming days                       " name="Given I want to know the weather forecast for coming days                       "/>
  <testcase time="0" classname="When I search for New York                        " name="When I search for New York                        "/>
  <testcase time="0" classname="Then I should be able to get a weather forecast for New York                         " name="Then I should be able to get a weather forecast for New York                         "/>
  <testcase time="2.904" classname="Scenario: Locate New York                      " name="Scenario: Locate New York                      "/>
</testsuite>